Traceback (most recent call last):
  File "/opt/hostedtoolcache/Python/3.11.9/x64/lib/python3.11/site-packages/jupyter_cache/executors/utils.py", line 58, in single_nb_execution
    executenb(
  File "/opt/hostedtoolcache/Python/3.11.9/x64/lib/python3.11/site-packages/nbclient/client.py", line 1314, in execute
    return NotebookClient(nb=nb, resources=resources, km=km, **kwargs).execute()
           ^^^^^^^^^^^^^^^^^^^^^^^^^^^^^^^^^^^^^^^^^^^^^^^^^^^^^^^^^^^^^^^^^^^^^
  File "/opt/hostedtoolcache/Python/3.11.9/x64/lib/python3.11/site-packages/jupyter_core/utils/__init__.py", line 165, in wrapped
    return loop.run_until_complete(inner)
           ^^^^^^^^^^^^^^^^^^^^^^^^^^^^^^
  File "/opt/hostedtoolcache/Python/3.11.9/x64/lib/python3.11/asyncio/base_events.py", line 654, in run_until_complete
    return future.result()
           ^^^^^^^^^^^^^^^
  File "/opt/hostedtoolcache/Python/3.11.9/x64/lib/python3.11/site-packages/nbclient/client.py", line 709, in async_execute
    await self.async_execute_cell(
  File "/opt/hostedtoolcache/Python/3.11.9/x64/lib/python3.11/site-packages/nbclient/client.py", line 1062, in async_execute_cell
    await self._check_raise_for_error(cell, cell_index, exec_reply)
  File "/opt/hostedtoolcache/Python/3.11.9/x64/lib/python3.11/site-packages/nbclient/client.py", line 918, in _check_raise_for_error
    raise CellExecutionError.from_cell_and_msg(cell, exec_reply_content)
nbclient.exceptions.CellExecutionError: An error occurred while executing the following cell:
------------------
from fairchem.applications.ocpneb.core.reaction import Reaction
from fairchem.data.oc.core import Slab, Adsorbate, Bulk, AdsorbateSlabConfig
from fairchem.core.common.relaxation.ase_utils import OCPCalculator
from ase.optimize import BFGS
from x3dase.visualize import view_x3d_n
from ase.io import read
from x3dase.x3d import X3D
from fairchem.applications.ocpneb.databases import DISSOCIATION_REACTION_DB_PATH
from fairchem.data.oc.databases.pkls import ADSORBATES_PKL_PATH, BULK_PKL_PATH
from fairchem.core.models.model_registry import model_name_to_local_file
import matplotlib.pyplot as plt
from fairchem.applications.ocpneb.core.autoframe import AutoFrameDissociation
from fairchem.applications.ocpneb.core import OCPNEB
from ase.io import read

#Optional
from IPython.display import Image
from x3dase.x3d import X3D
------------------


[0;31m---------------------------------------------------------------------------[0m
[0;31mModuleNotFoundError[0m                       Traceback (most recent call last)
Cell [0;32mIn[1], line 1[0m
[0;32m----> 1[0m [38;5;28;01mfrom[39;00m [38;5;21;01mfairchem[39;00m[38;5;21;01m.[39;00m[38;5;21;01mapplications[39;00m[38;5;21;01m.[39;00m[38;5;21;01mocpneb[39;00m[38;5;21;01m.[39;00m[38;5;21;01mcore[39;00m[38;5;21;01m.[39;00m[38;5;21;01mreaction[39;00m [38;5;28;01mimport[39;00m Reaction
[1;32m      2[0m [38;5;28;01mfrom[39;00m [38;5;21;01mfairchem[39;00m[38;5;21;01m.[39;00m[38;5;21;01mdata[39;00m[38;5;21;01m.[39;00m[38;5;21;01moc[39;00m[38;5;21;01m.[39;00m[38;5;21;01mcore[39;00m [38;5;28;01mimport[39;00m Slab, Adsorbate, Bulk, AdsorbateSlabConfig
[1;32m      3[0m [38;5;28;01mfrom[39;00m [38;5;21;01mfairchem[39;00m[38;5;21;01m.[39;00m[38;5;21;01mcore[39;00m[38;5;21;01m.[39;00m[38;5;21;01mcommon[39;00m[38;5;21;01m.[39;00m[38;5;21;01mrelaxation[39;00m[38;5;21;01m.[39;00m[38;5;21;01mase_utils[39;00m [38;5;28;01mimport[39;00m OCPCalculator

File [0;32m/opt/hostedtoolcache/Python/3.11.9/x64/lib/python3.11/site-packages/fairchem/applications/ocpneb/core/__init__.py:1[0m
[0;32m----> 1[0m [38;5;28;01mfrom[39;00m [38;5;21;01m.[39;00m[38;5;21;01mreaction[39;00m [38;5;28;01mimport[39;00m Reaction
[1;32m      2[0m [38;5;28;01mfrom[39;00m [38;5;21;01m.[39;00m[38;5;21;01mocpneb[39;00m [38;5;28;01mimport[39;00m OCPNEB
[1;32m      4[0m __all__ [38;5;241m=[39m [[38;5;124m"[39m[38;5;124mReaction[39m[38;5;124m"[39m, [38;5;124m"[39m[38;5;124mOCPNEB[39m[38;5;124m"[39m]

File [0;32m/opt/hostedtoolcache/Python/3.11.9/x64/lib/python3.11/site-packages/fairchem/applications/ocpneb/core/reaction.py:3[0m
[1;32m      1[0m [38;5;28;01mimport[39;00m [38;5;21;01mpickle[39;00m
[1;32m      2[0m [38;5;28;01mimport[39;00m [38;5;21;01mrandom[39;00m
[0;32m----> 3[0m [38;5;28;01mimport[39;00m [38;5;21;01mpytest[39;00m
[1;32m      6[0m [38;5;28;01mclass[39;00m [38;5;21;01mReaction[39;00m:
[1;32m      7[0m [38;5;250m    [39m[38;5;124;03m"""[39;00m
[1;32m      8[0m [38;5;124;03m    Initialize Reaction object[39;00m
[1;32m      9[0m [38;5;124;03m    """[39;00m

[0;31mModuleNotFoundError[0m: No module named 'pytest'

