Traceback (most recent call last):
  File "/opt/hostedtoolcache/Python/3.11.9/x64/lib/python3.11/site-packages/jupyter_cache/executors/utils.py", line 58, in single_nb_execution
    executenb(
  File "/opt/hostedtoolcache/Python/3.11.9/x64/lib/python3.11/site-packages/nbclient/client.py", line 1314, in execute
    return NotebookClient(nb=nb, resources=resources, km=km, **kwargs).execute()
           ^^^^^^^^^^^^^^^^^^^^^^^^^^^^^^^^^^^^^^^^^^^^^^^^^^^^^^^^^^^^^^^^^^^^^
  File "/opt/hostedtoolcache/Python/3.11.9/x64/lib/python3.11/site-packages/jupyter_core/utils/__init__.py", line 165, in wrapped
    return loop.run_until_complete(inner)
           ^^^^^^^^^^^^^^^^^^^^^^^^^^^^^^
  File "/opt/hostedtoolcache/Python/3.11.9/x64/lib/python3.11/asyncio/base_events.py", line 654, in run_until_complete
    return future.result()
           ^^^^^^^^^^^^^^^
  File "/opt/hostedtoolcache/Python/3.11.9/x64/lib/python3.11/site-packages/nbclient/client.py", line 709, in async_execute
    await self.async_execute_cell(
  File "/opt/hostedtoolcache/Python/3.11.9/x64/lib/python3.11/site-packages/nbclient/client.py", line 1062, in async_execute_cell
    await self._check_raise_for_error(cell, cell_index, exec_reply)
  File "/opt/hostedtoolcache/Python/3.11.9/x64/lib/python3.11/site-packages/nbclient/client.py", line 918, in _check_raise_for_error
    raise CellExecutionError.from_cell_and_msg(cell, exec_reply_content)
nbclient.exceptions.CellExecutionError: An error occurred while executing the following cell:
------------------
from ase.build import molecule
atoms = molecule('H2O')
atoms.set_tags(np.ones(len(atoms)))
atoms.set_calculator(calc)
atoms.get_potential_energy()
------------------


[0;31m---------------------------------------------------------------------------[0m
[0;31mNameError[0m                                 Traceback (most recent call last)
Cell [0;32mIn[9], line 3[0m
[1;32m      1[0m [38;5;28;01mfrom[39;00m [38;5;21;01mase[39;00m[38;5;21;01m.[39;00m[38;5;21;01mbuild[39;00m [38;5;28;01mimport[39;00m molecule
[1;32m      2[0m atoms [38;5;241m=[39m molecule([38;5;124m'[39m[38;5;124mH2O[39m[38;5;124m'[39m)
[0;32m----> 3[0m atoms[38;5;241m.[39mset_tags([43mnp[49m[38;5;241m.[39mones([38;5;28mlen[39m(atoms)))
[1;32m      4[0m atoms[38;5;241m.[39mset_calculator(calc)
[1;32m      5[0m atoms[38;5;241m.[39mget_potential_energy()

[0;31mNameError[0m: name 'np' is not defined

