Traceback (most recent call last):
  File "/opt/hostedtoolcache/Python/3.11.9/x64/lib/python3.11/site-packages/jupyter_cache/executors/utils.py", line 58, in single_nb_execution
    executenb(
  File "/opt/hostedtoolcache/Python/3.11.9/x64/lib/python3.11/site-packages/nbclient/client.py", line 1314, in execute
    return NotebookClient(nb=nb, resources=resources, km=km, **kwargs).execute()
           ^^^^^^^^^^^^^^^^^^^^^^^^^^^^^^^^^^^^^^^^^^^^^^^^^^^^^^^^^^^^^^^^^^^^^
  File "/opt/hostedtoolcache/Python/3.11.9/x64/lib/python3.11/site-packages/jupyter_core/utils/__init__.py", line 165, in wrapped
    return loop.run_until_complete(inner)
           ^^^^^^^^^^^^^^^^^^^^^^^^^^^^^^
  File "/opt/hostedtoolcache/Python/3.11.9/x64/lib/python3.11/asyncio/base_events.py", line 654, in run_until_complete
    return future.result()
           ^^^^^^^^^^^^^^^
  File "/opt/hostedtoolcache/Python/3.11.9/x64/lib/python3.11/site-packages/nbclient/client.py", line 709, in async_execute
    await self.async_execute_cell(
  File "/opt/hostedtoolcache/Python/3.11.9/x64/lib/python3.11/site-packages/nbclient/client.py", line 1062, in async_execute_cell
    await self._check_raise_for_error(cell, cell_index, exec_reply)
  File "/opt/hostedtoolcache/Python/3.11.9/x64/lib/python3.11/site-packages/nbclient/client.py", line 918, in _check_raise_for_error
    raise CellExecutionError.from_cell_and_msg(cell, exec_reply_content)
nbclient.exceptions.CellExecutionError: An error occurred while executing the following cell:
------------------
! mv data.db full_data.db

import ase.db
import numpy as np

with ase.db.connect('full_data.db') as full_db:
  with ase.db.connect('data.db',append=False) as subset_db:

    # Select 50 random points for the subset, ASE DB ids start at 1
    for i in np.random.choice(list(range(1,len(full_db)+1)),size=50,replace=False):
      atoms = full_db.get_atoms(f'id={i}', add_additional_information=True)

      if 'tag' in atoms.info['key_value_pairs']:
        atoms.info['key_value_pairs']['tag'] = int(atoms.info['key_value_pairs']['tag'])

      subset_db.write(atoms, **atoms.info['key_value_pairs'])
------------------


[0;31m---------------------------------------------------------------------------[0m
[0;31mValueError[0m                                Traceback (most recent call last)
Cell [0;32mIn[2], line 16[0m
[1;32m     13[0m [38;5;28;01mif[39;00m [38;5;124m'[39m[38;5;124mtag[39m[38;5;124m'[39m [38;5;129;01min[39;00m atoms[38;5;241m.[39minfo[[38;5;124m'[39m[38;5;124mkey_value_pairs[39m[38;5;124m'[39m]:
[1;32m     14[0m   atoms[38;5;241m.[39minfo[[38;5;124m'[39m[38;5;124mkey_value_pairs[39m[38;5;124m'[39m][[38;5;124m'[39m[38;5;124mtag[39m[38;5;124m'[39m] [38;5;241m=[39m [38;5;28mint[39m(atoms[38;5;241m.[39minfo[[38;5;124m'[39m[38;5;124mkey_value_pairs[39m[38;5;124m'[39m][[38;5;124m'[39m[38;5;124mtag[39m[38;5;124m'[39m])
[0;32m---> 16[0m [43msubset_db[49m[38;5;241;43m.[39;49m[43mwrite[49m[43m([49m[43matoms[49m[43m,[49m[43m [49m[38;5;241;43m*[39;49m[38;5;241;43m*[39;49m[43matoms[49m[38;5;241;43m.[39;49m[43minfo[49m[43m[[49m[38;5;124;43m'[39;49m[38;5;124;43mkey_value_pairs[39;49m[38;5;124;43m'[39;49m[43m][49m[43m)[49m

File [0;32m/opt/hostedtoolcache/Python/3.11.9/x64/lib/python3.11/site-packages/ase/parallel.py:271[0m, in [0;36mparallel_function.<locals>.new_func[0;34m(*args, **kwargs)[0m
[1;32m    265[0m [38;5;129m@functools[39m[38;5;241m.[39mwraps(func)
[1;32m    266[0m [38;5;28;01mdef[39;00m [38;5;21mnew_func[39m([38;5;241m*[39margs, [38;5;241m*[39m[38;5;241m*[39mkwargs):
[1;32m    267[0m     [38;5;28;01mif[39;00m (world[38;5;241m.[39msize [38;5;241m==[39m [38;5;241m1[39m [38;5;129;01mor[39;00m
[1;32m    268[0m         args [38;5;129;01mand[39;00m [38;5;28mgetattr[39m(args[[38;5;241m0[39m], [38;5;124m'[39m[38;5;124mserial[39m[38;5;124m'[39m, [38;5;28;01mFalse[39;00m) [38;5;129;01mor[39;00m
[1;32m    269[0m             [38;5;129;01mnot[39;00m kwargs[38;5;241m.[39mpop([38;5;124m'[39m[38;5;124mparallel[39m[38;5;124m'[39m, [38;5;28;01mTrue[39;00m)):
[1;32m    270[0m         [38;5;66;03m# Disable:[39;00m
[0;32m--> 271[0m         [38;5;28;01mreturn[39;00m [43mfunc[49m[43m([49m[38;5;241;43m*[39;49m[43margs[49m[43m,[49m[43m [49m[38;5;241;43m*[39;49m[38;5;241;43m*[39;49m[43mkwargs[49m[43m)[49m
[1;32m    273[0m     ex [38;5;241m=[39m [38;5;28;01mNone[39;00m
[1;32m    274[0m     result [38;5;241m=[39m [38;5;28;01mNone[39;00m

File [0;32m/opt/hostedtoolcache/Python/3.11.9/x64/lib/python3.11/site-packages/ase/db/core.py:238[0m, in [0;36mlock.<locals>.new_method[0;34m(self, *args, **kwargs)[0m
[1;32m    236[0m [38;5;28;01melse[39;00m:
[1;32m    237[0m     [38;5;28;01mwith[39;00m [38;5;28mself[39m[38;5;241m.[39mlock:
[0;32m--> 238[0m         [38;5;28;01mreturn[39;00m [43mmethod[49m[43m([49m[38;5;28;43mself[39;49m[43m,[49m[43m [49m[38;5;241;43m*[39;49m[43margs[49m[43m,[49m[43m [49m[38;5;241;43m*[39;49m[38;5;241;43m*[39;49m[43mkwargs[49m[43m)[49m

File [0;32m/opt/hostedtoolcache/Python/3.11.9/x64/lib/python3.11/site-packages/ase/db/core.py:385[0m, in [0;36mDatabase.write[0;34m(self, atoms, key_value_pairs, data, id, **kwargs)[0m
[1;32m    382[0m kvp [38;5;241m=[39m [38;5;28mdict[39m(key_value_pairs)  [38;5;66;03m# modify a copy[39;00m
[1;32m    383[0m kvp[38;5;241m.[39mupdate(kwargs)
[0;32m--> 385[0m [38;5;28mid[39m [38;5;241m=[39m [38;5;28;43mself[39;49m[38;5;241;43m.[39;49m[43m_write[49m[43m([49m[43matoms[49m[43m,[49m[43m [49m[43mkvp[49m[43m,[49m[43m [49m[43mdata[49m[43m,[49m[43m [49m[38;5;28;43mid[39;49m[43m)[49m
[1;32m    386[0m [38;5;28;01mreturn[39;00m [38;5;28mid[39m

File [0;32m/opt/hostedtoolcache/Python/3.11.9/x64/lib/python3.11/site-packages/ase/db/sqlite.py:258[0m, in [0;36mSQLite3Database._write[0;34m(self, atoms, key_value_pairs, data, id)[0m
[1;32m    256[0m [38;5;28;01mdef[39;00m [38;5;21m_write[39m([38;5;28mself[39m, atoms, key_value_pairs, data, [38;5;28mid[39m):
[1;32m    257[0m     ext_tables [38;5;241m=[39m key_value_pairs[38;5;241m.[39mpop([38;5;124m"[39m[38;5;124mexternal_tables[39m[38;5;124m"[39m, {})
[0;32m--> 258[0m     [43mDatabase[49m[38;5;241;43m.[39;49m[43m_write[49m[43m([49m[38;5;28;43mself[39;49m[43m,[49m[43m [49m[43matoms[49m[43m,[49m[43m [49m[43mkey_value_pairs[49m[43m,[49m[43m [49m[43mdata[49m[43m)[49m
[1;32m    260[0m     mtime [38;5;241m=[39m now()
[1;32m    262[0m     encode [38;5;241m=[39m [38;5;28mself[39m[38;5;241m.[39mencode

File [0;32m/opt/hostedtoolcache/Python/3.11.9/x64/lib/python3.11/site-packages/ase/db/core.py:389[0m, in [0;36mDatabase._write[0;34m(self, atoms, key_value_pairs, data, id)[0m
[1;32m    388[0m [38;5;28;01mdef[39;00m [38;5;21m_write[39m([38;5;28mself[39m, atoms, key_value_pairs, data, [38;5;28mid[39m[38;5;241m=[39m[38;5;28;01mNone[39;00m):
[0;32m--> 389[0m     [43mcheck[49m[43m([49m[43mkey_value_pairs[49m[43m)[49m
[1;32m    390[0m     [38;5;28;01mreturn[39;00m [38;5;241m1[39m

File [0;32m/opt/hostedtoolcache/Python/3.11.9/x64/lib/python3.11/site-packages/ase/db/core.py:154[0m, in [0;36mcheck[0;34m(key_value_pairs)[0m
[1;32m    152[0m [38;5;28;01mfor[39;00m t [38;5;129;01min[39;00m [[38;5;28mbool[39m, [38;5;28mint[39m, [38;5;28mfloat[39m]:
[1;32m    153[0m     [38;5;28;01mif[39;00m str_represents(value, t):
[0;32m--> 154[0m         [38;5;28;01mraise[39;00m [38;5;167;01mValueError[39;00m(
[1;32m    155[0m             [38;5;124m'[39m[38;5;124mValue [39m[38;5;124m'[39m [38;5;241m+[39m value [38;5;241m+[39m [38;5;124m'[39m[38;5;124m is put in as string [39m[38;5;124m'[39m [38;5;241m+[39m
[1;32m    156[0m             [38;5;124m'[39m[38;5;124mbut can be interpreted as [39m[38;5;124m'[39m [38;5;241m+[39m
[1;32m    157[0m             [38;5;124mf[39m[38;5;124m'[39m[38;5;132;01m{[39;00mt[38;5;241m.[39m[38;5;18m__name__[39m[38;5;132;01m}[39;00m[38;5;124m! Please convert [39m[38;5;124m'[39m [38;5;241m+[39m
[1;32m    158[0m             [38;5;124mf[39m[38;5;124m'[39m[38;5;124mto [39m[38;5;132;01m{[39;00mt[38;5;241m.[39m[38;5;18m__name__[39m[38;5;132;01m}[39;00m[38;5;124m before [39m[38;5;124m'[39m [38;5;241m+[39m
[1;32m    159[0m             [38;5;124m'[39m[38;5;124mwriting to the database OR change [39m[38;5;124m'[39m [38;5;241m+[39m
[1;32m    160[0m             [38;5;124m'[39m[38;5;124mto a different string.[39m[38;5;124m'[39m)

[0;31mValueError[0m: Value True is put in as string but can be interpreted as bool! Please convert to bool before writing to the database OR change to a different string.

