Traceback (most recent call last):
  File "/opt/hostedtoolcache/Python/3.11.9/x64/lib/python3.11/site-packages/jupyter_cache/executors/utils.py", line 58, in single_nb_execution
    executenb(
  File "/opt/hostedtoolcache/Python/3.11.9/x64/lib/python3.11/site-packages/nbclient/client.py", line 1314, in execute
    return NotebookClient(nb=nb, resources=resources, km=km, **kwargs).execute()
           ^^^^^^^^^^^^^^^^^^^^^^^^^^^^^^^^^^^^^^^^^^^^^^^^^^^^^^^^^^^^^^^^^^^^^
  File "/opt/hostedtoolcache/Python/3.11.9/x64/lib/python3.11/site-packages/jupyter_core/utils/__init__.py", line 165, in wrapped
    return loop.run_until_complete(inner)
           ^^^^^^^^^^^^^^^^^^^^^^^^^^^^^^
  File "/opt/hostedtoolcache/Python/3.11.9/x64/lib/python3.11/asyncio/base_events.py", line 654, in run_until_complete
    return future.result()
           ^^^^^^^^^^^^^^^
  File "/opt/hostedtoolcache/Python/3.11.9/x64/lib/python3.11/site-packages/nbclient/client.py", line 709, in async_execute
    await self.async_execute_cell(
  File "/opt/hostedtoolcache/Python/3.11.9/x64/lib/python3.11/site-packages/nbclient/client.py", line 1062, in async_execute_cell
    await self._check_raise_for_error(cell, cell_index, exec_reply)
  File "/opt/hostedtoolcache/Python/3.11.9/x64/lib/python3.11/site-packages/nbclient/client.py", line 918, in _check_raise_for_error
    raise CellExecutionError.from_cell_and_msg(cell, exec_reply_content)
nbclient.exceptions.CellExecutionError: An error occurred while executing the following cell:
------------------
from ocpapi import find_adsorbate_binding_sites

results = await find_adsorbate_binding_sites(
    adsorbate="*OH",
    bulk="mp-126",
    model="gemnet_oc_base_s2ef_all_md",
)
print([
    slab.ui_url
    for slab in results.slabs
])

------------------

----- stdout -----

----- stdout -----

[?] Choose surfaces to relax (up/down arrows to move, space to select, ente...:
----- stdout -----
 > [ ] (1, 0, 0) top surface shifted by 0.25; 57 unique adsorbate placements to relax
----- stdout -----
   [ ] (1, 1, 0) top surface shifted by 0.125; 57 unique adsorbate placements to relax
----- stdout -----
   [ ] (1, 1, 1) top surface shifted by 0.167; 54 unique adsorbate placements to relax
----- stdout -----
   [ ] (2, 1, 0) top surface shifted by 0.083; 66 unique adsorbate placements to relax
----- stdout -----
   [ ] (2, 1, 1) top surface shifted by 0.062; 64 unique adsorbate placements to relax
----- stdout -----
   [ ] (2, 2, 1) top surface shifted by 0.05; 70 unique adsorbate placements to relax
----- stdout -----

------------------

[0;31m---------------------------------------------------------------------------[0m
[0;31merror[0m                                     Traceback (most recent call last)
Cell [0;32mIn[8], line 3[0m
[1;32m      1[0m [38;5;28;01mfrom[39;00m [38;5;21;01mocpapi[39;00m [38;5;28;01mimport[39;00m find_adsorbate_binding_sites
[0;32m----> 3[0m results [38;5;241m=[39m [38;5;28;01mawait[39;00m find_adsorbate_binding_sites(
[1;32m      4[0m     adsorbate[38;5;241m=[39m[38;5;124m"[39m[38;5;124m*OH[39m[38;5;124m"[39m,
[1;32m      5[0m     bulk[38;5;241m=[39m[38;5;124m"[39m[38;5;124mmp-126[39m[38;5;124m"[39m,
[1;32m      6[0m     model[38;5;241m=[39m[38;5;124m"[39m[38;5;124mgemnet_oc_base_s2ef_all_md[39m[38;5;124m"[39m,
[1;32m      7[0m )
[1;32m      8[0m [38;5;28mprint[39m([
[1;32m      9[0m     slab[38;5;241m.[39mui_url
[1;32m     10[0m     [38;5;28;01mfor[39;00m slab [38;5;129;01min[39;00m results[38;5;241m.[39mslabs
[1;32m     11[0m ])

File [0;32m/opt/hostedtoolcache/Python/3.11.9/x64/lib/python3.11/site-packages/ocpapi/workflows/adsorbates.py:905[0m, in [0;36mfind_adsorbate_binding_sites[0;34m(adsorbate, bulk, model, adslab_filter, client, lifetime)[0m
[1;32m    898[0m adslabs: List[AdsorbateSlabConfigs] [38;5;241m=[39m [38;5;28;01mawait[39;00m _get_adsorbate_configs_on_slabs(
[1;32m    899[0m     client[38;5;241m=[39mclient,
[1;32m    900[0m     adsorbate[38;5;241m=[39madsorbate,
[1;32m    901[0m     slabs[38;5;241m=[39mslabs,
[1;32m    902[0m )
[1;32m    904[0m [38;5;66;03m# Filter the adslabs[39;00m
[0;32m--> 905[0m adslabs [38;5;241m=[39m [38;5;28;01mawait[39;00m adslab_filter(adslabs)
[1;32m    907[0m [38;5;66;03m# Find binding sites on all slabs[39;00m
[1;32m    908[0m [38;5;28;01mreturn[39;00m [38;5;28;01mawait[39;00m _relax_binding_sites_on_slabs(
[1;32m    909[0m     client[38;5;241m=[39mclient,
[1;32m    910[0m     adsorbate[38;5;241m=[39madsorbate,
[0;32m   (...)[0m
[1;32m    914[0m     lifetime[38;5;241m=[39mlifetime,
[1;32m    915[0m )

File [0;32m/opt/hostedtoolcache/Python/3.11.9/x64/lib/python3.11/site-packages/ocpapi/workflows/filter.py:101[0m, in [0;36mprompt_for_slabs_to_keep.__call__[0;34m(self, adslabs)[0m
[1;32m     79[0m choices: List[Tuple[[38;5;28mstr[39m, [38;5;28mint[39m]] [38;5;241m=[39m [
[1;32m     80[0m     (
[1;32m     81[0m         (
[0;32m   (...)[0m
[1;32m     91[0m     [38;5;28;01mfor[39;00m idx, adslab [38;5;129;01min[39;00m [38;5;28menumerate[39m(adslabs)
[1;32m     92[0m ]
[1;32m     93[0m checkbox: Checkbox [38;5;241m=[39m Checkbox(
[1;32m     94[0m     [38;5;124m"[39m[38;5;124madslabs[39m[38;5;124m"[39m,
[1;32m     95[0m     message[38;5;241m=[39m(
[0;32m   (...)[0m
[1;32m     99[0m     choices[38;5;241m=[39mchoices,
[1;32m    100[0m )
[0;32m--> 101[0m selected_indices: List[[38;5;28mint[39m] [38;5;241m=[39m [43mprompt[49m[43m([49m[43m[[49m[43mcheckbox[49m[43m][49m[43m)[49m[[38;5;124m"[39m[38;5;124madslabs[39m[38;5;124m"[39m]
[1;32m    103[0m [38;5;66;03m# Return the adslabs that were chosen[39;00m
[1;32m    104[0m [38;5;28;01mreturn[39;00m [adslabs[i] [38;5;28;01mfor[39;00m i [38;5;129;01min[39;00m selected_indices]

File [0;32m/opt/hostedtoolcache/Python/3.11.9/x64/lib/python3.11/site-packages/inquirer/prompt.py:11[0m, in [0;36mprompt[0;34m(questions, render, answers, theme, raise_keyboard_interrupt)[0m
[1;32m      9[0m [38;5;28;01mtry[39;00m:
[1;32m     10[0m     [38;5;28;01mfor[39;00m question [38;5;129;01min[39;00m questions:
[0;32m---> 11[0m         answers[question[38;5;241m.[39mname] [38;5;241m=[39m [43mrender[49m[38;5;241;43m.[39;49m[43mrender[49m[43m([49m[43mquestion[49m[43m,[49m[43m [49m[43manswers[49m[43m)[49m
[1;32m     12[0m     [38;5;28;01mreturn[39;00m answers
[1;32m     13[0m [38;5;28;01mexcept[39;00m [38;5;167;01mKeyboardInterrupt[39;00m:

File [0;32m/opt/hostedtoolcache/Python/3.11.9/x64/lib/python3.11/site-packages/inquirer/render/console/__init__.py:38[0m, in [0;36mConsoleRender.render[0;34m(self, question, answers)[0m
[1;32m     35[0m [38;5;28mself[39m[38;5;241m.[39mclear_eos()
[1;32m     37[0m [38;5;28;01mtry[39;00m:
[0;32m---> 38[0m     [38;5;28;01mreturn[39;00m [38;5;28;43mself[39;49m[38;5;241;43m.[39;49m[43m_event_loop[49m[43m([49m[43mrender[49m[43m)[49m
[1;32m     39[0m [38;5;28;01mfinally[39;00m:
[1;32m     40[0m     [38;5;28mprint[39m([38;5;124m"[39m[38;5;124m"[39m)

File [0;32m/opt/hostedtoolcache/Python/3.11.9/x64/lib/python3.11/site-packages/inquirer/render/console/__init__.py:51[0m, in [0;36mConsoleRender._event_loop[0;34m(self, render)[0m
[1;32m     48[0m         [38;5;28mself[39m[38;5;241m.[39m_print_header(render)
[1;32m     49[0m         [38;5;28mself[39m[38;5;241m.[39m_print_options(render)
[0;32m---> 51[0m         [38;5;28;43mself[39;49m[38;5;241;43m.[39;49m[43m_process_input[49m[43m([49m[43mrender[49m[43m)[49m
[1;32m     52[0m         [38;5;28mself[39m[38;5;241m.[39m_force_initial_column()
[1;32m     53[0m [38;5;28;01mexcept[39;00m errors[38;5;241m.[39mEndOfInput [38;5;28;01mas[39;00m e:

File [0;32m/opt/hostedtoolcache/Python/3.11.9/x64/lib/python3.11/site-packages/inquirer/render/console/__init__.py:95[0m, in [0;36mConsoleRender._process_input[0;34m(self, render)[0m
[1;32m     93[0m [38;5;28;01mdef[39;00m [38;5;21m_process_input[39m([38;5;28mself[39m, render):
[1;32m     94[0m     [38;5;28;01mtry[39;00m:
[0;32m---> 95[0m         ev [38;5;241m=[39m [38;5;28;43mself[39;49m[38;5;241;43m.[39;49m[43m_event_gen[49m[38;5;241;43m.[39;49m[43mnext[49m[43m([49m[43m)[49m
[1;32m     96[0m         [38;5;28;01mif[39;00m [38;5;28misinstance[39m(ev, events[38;5;241m.[39mKeyPressed):
[1;32m     97[0m             render[38;5;241m.[39mprocess_input(ev[38;5;241m.[39mvalue)

File [0;32m/opt/hostedtoolcache/Python/3.11.9/x64/lib/python3.11/site-packages/inquirer/events.py:22[0m, in [0;36mKeyEventGenerator.next[0;34m(self)[0m
[1;32m     21[0m [38;5;28;01mdef[39;00m [38;5;21mnext[39m([38;5;28mself[39m):
[0;32m---> 22[0m     [38;5;28;01mreturn[39;00m KeyPressed([38;5;28;43mself[39;49m[38;5;241;43m.[39;49m[43m_key_gen[49m[43m([49m[43m)[49m)

File [0;32m/opt/hostedtoolcache/Python/3.11.9/x64/lib/python3.11/site-packages/readchar/_posix_read.py:34[0m, in [0;36mreadkey[0;34m()[0m
[1;32m     30[0m [38;5;28;01mdef[39;00m [38;5;21mreadkey[39m() [38;5;241m-[39m[38;5;241m>[39m [38;5;28mstr[39m:
[1;32m     31[0m [38;5;250m    [39m[38;5;124;03m"""Get a keypress. If an escaped key is pressed, the full sequence is[39;00m
[1;32m     32[0m [38;5;124;03m    read and returned as noted in `_posix_key.py`."""[39;00m
[0;32m---> 34[0m     c1 [38;5;241m=[39m [43mreadchar[49m[43m([49m[43m)[49m
[1;32m     36[0m     [38;5;28;01mif[39;00m c1 [38;5;129;01min[39;00m config[38;5;241m.[39mINTERRUPT_KEYS:
[1;32m     37[0m         [38;5;28;01mraise[39;00m [38;5;167;01mKeyboardInterrupt[39;00m

File [0;32m/opt/hostedtoolcache/Python/3.11.9/x64/lib/python3.11/site-packages/readchar/_posix_read.py:18[0m, in [0;36mreadchar[0;34m()[0m
[1;32m     14[0m [38;5;250m[39m[38;5;124;03m"""Reads a single character from the input stream.[39;00m
[1;32m     15[0m [38;5;124;03mBlocks until a character is available."""[39;00m
[1;32m     17[0m fd [38;5;241m=[39m sys[38;5;241m.[39mstdin[38;5;241m.[39mfileno()
[0;32m---> 18[0m old_settings [38;5;241m=[39m [43mtermios[49m[38;5;241;43m.[39;49m[43mtcgetattr[49m[43m([49m[43mfd[49m[43m)[49m
[1;32m     19[0m term [38;5;241m=[39m termios[38;5;241m.[39mtcgetattr(fd)
[1;32m     20[0m [38;5;28;01mtry[39;00m:

[0;31merror[0m: (25, 'Inappropriate ioctl for device')

