Traceback (most recent call last):
  File "/opt/hostedtoolcache/Python/3.11.9/x64/lib/python3.11/site-packages/jupyter_cache/executors/utils.py", line 58, in single_nb_execution
    executenb(
  File "/opt/hostedtoolcache/Python/3.11.9/x64/lib/python3.11/site-packages/nbclient/client.py", line 1314, in execute
    return NotebookClient(nb=nb, resources=resources, km=km, **kwargs).execute()
           ^^^^^^^^^^^^^^^^^^^^^^^^^^^^^^^^^^^^^^^^^^^^^^^^^^^^^^^^^^^^^^^^^^^^^
  File "/opt/hostedtoolcache/Python/3.11.9/x64/lib/python3.11/site-packages/jupyter_core/utils/__init__.py", line 165, in wrapped
    return loop.run_until_complete(inner)
           ^^^^^^^^^^^^^^^^^^^^^^^^^^^^^^
  File "/opt/hostedtoolcache/Python/3.11.9/x64/lib/python3.11/asyncio/base_events.py", line 654, in run_until_complete
    return future.result()
           ^^^^^^^^^^^^^^^
  File "/opt/hostedtoolcache/Python/3.11.9/x64/lib/python3.11/site-packages/nbclient/client.py", line 709, in async_execute
    await self.async_execute_cell(
  File "/opt/hostedtoolcache/Python/3.11.9/x64/lib/python3.11/site-packages/nbclient/client.py", line 1062, in async_execute_cell
    await self._check_raise_for_error(cell, cell_index, exec_reply)
  File "/opt/hostedtoolcache/Python/3.11.9/x64/lib/python3.11/site-packages/nbclient/client.py", line 918, in _check_raise_for_error
    raise CellExecutionError.from_cell_and_msg(cell, exec_reply_content)
nbclient.exceptions.CellExecutionError: An error occurred while executing the following cell:
------------------
from fairchem.core.models.model_registry import model_name_to_local_file
checkpoint_path = model_name_to_local_file('GemNet-OCOC20+OC22', local_cache='/tmp/ocp_checkpoints/')
checkpoint_path
------------------

----- stderr -----
ERROR:root:Not a valid model name 'GemNet-OCOC20+OC22'
------------------

[0;31m---------------------------------------------------------------------------[0m
[0;31mValueError[0m                                Traceback (most recent call last)
Cell [0;32mIn[2], line 2[0m
[1;32m      1[0m [38;5;28;01mfrom[39;00m [38;5;21;01mfairchem[39;00m[38;5;21;01m.[39;00m[38;5;21;01mcore[39;00m[38;5;21;01m.[39;00m[38;5;21;01mmodels[39;00m[38;5;21;01m.[39;00m[38;5;21;01mmodel_registry[39;00m [38;5;28;01mimport[39;00m model_name_to_local_file
[0;32m----> 2[0m checkpoint_path [38;5;241m=[39m [43mmodel_name_to_local_file[49m[43m([49m[38;5;124;43m'[39;49m[38;5;124;43mGemNet-OCOC20+OC22[39;49m[38;5;124;43m'[39;49m[43m,[49m[43m [49m[43mlocal_cache[49m[38;5;241;43m=[39;49m[38;5;124;43m'[39;49m[38;5;124;43m/tmp/ocp_checkpoints/[39;49m[38;5;124;43m'[39;49m[43m)[49m
[1;32m      3[0m checkpoint_path

File [0;32m~/work/fairchem/fairchem/src/fairchem/core/models/model_registry.py:45[0m, in [0;36mmodel_name_to_local_file[0;34m(model_name, local_cache)[0m
[1;32m     43[0m [38;5;28;01mif[39;00m model_name [38;5;129;01mnot[39;00m [38;5;129;01min[39;00m MODEL_REGISTRY:
[1;32m     44[0m     logging[38;5;241m.[39merror([38;5;124mf[39m[38;5;124m"[39m[38;5;124mNot a valid model name [39m[38;5;124m'[39m[38;5;132;01m{[39;00mmodel_name[38;5;132;01m}[39;00m[38;5;124m'[39m[38;5;124m"[39m)
[0;32m---> 45[0m     [38;5;28;01mraise[39;00m [38;5;167;01mValueError[39;00m(
[1;32m     46[0m         [38;5;124mf[39m[38;5;124m"[39m[38;5;124mNot a valid model name [39m[38;5;124m'[39m[38;5;132;01m{[39;00mmodel_name[38;5;132;01m}[39;00m[38;5;124m'[39m[38;5;124m. Model name must be one of [39m[38;5;132;01m{[39;00mavailable_pretrained_models[38;5;132;01m}[39;00m[38;5;124m"[39m
[1;32m     47[0m     )
[1;32m     48[0m [38;5;28;01mif[39;00m [38;5;129;01mnot[39;00m os[38;5;241m.[39mpath[38;5;241m.[39mexists(local_cache):
[1;32m     49[0m     os[38;5;241m.[39mmakedirs(local_cache, exist_ok[38;5;241m=[39m[38;5;28;01mTrue[39;00m)

[0;31mValueError[0m: Not a valid model name 'GemNet-OCOC20+OC22'. Model name must be one of ('CGCNN-S2EF-OC20-200k', 'CGCNN-S2EF-OC20-2M', 'CGCNN-S2EF-OC20-20M', 'CGCNN-S2EF-OC20-All', 'DimeNet-S2EF-OC20-200k', 'DimeNet-S2EF-OC20-2M', 'SchNet-S2EF-OC20-200k', 'SchNet-S2EF-OC20-2M', 'SchNet-S2EF-OC20-20M', 'SchNet-S2EF-OC20-All', 'DimeNet++-S2EF-OC20-200k', 'DimeNet++-S2EF-OC20-2M', 'DimeNet++-S2EF-OC20-20M', 'DimeNet++-S2EF-OC20-All', 'SpinConv-S2EF-OC20-2M', 'SpinConv-S2EF-OC20-All', 'GemNet-dT-S2EF-OC20-2M', 'GemNet-dT-S2EF-OC20-All', 'PaiNN-S2EF-OC20-All', 'GemNet-OC-S2EF-OC20-2M', 'GemNet-OC-S2EF-OC20-All', 'GemNet-OC-S2EF-OC20-All+MD', 'GemNet-OC-Large-S2EF-OC20-All+MD', 'SCN-S2EF-OC20-2M', 'SCN-t4-b2-S2EF-OC20-2M', 'SCN-S2EF-OC20-All+MD', 'eSCN-L4-M2-Lay12-S2EF-OC20-2M', 'eSCN-L6-M2-Lay12-S2EF-OC20-2M', 'eSCN-L6-M2-Lay12-S2EF-OC20-All+MD', 'eSCN-L6-M3-Lay20-S2EF-OC20-All+MD', 'EquiformerV2-83M-S2EF-OC20-2M', 'EquiformerV2-31M-S2EF-OC20-All+MD', 'EquiformerV2-153M-S2EF-OC20-All+MD', 'SchNet-S2EF-force-only-OC20-All', 'DimeNet++-force-only-OC20-All', 'DimeNet++-Large-S2EF-force-only-OC20-All', 'DimeNet++-S2EF-force-only-OC20-20M+Rattled', 'DimeNet++-S2EF-force-only-OC20-20M+MD', 'CGCNN-IS2RE-OC20-10k', 'CGCNN-IS2RE-OC20-100k', 'CGCNN-IS2RE-OC20-All', 'DimeNet-IS2RE-OC20-10k', 'DimeNet-IS2RE-OC20-100k', 'DimeNet-IS2RE-OC20-all', 'SchNet-IS2RE-OC20-10k', 'SchNet-IS2RE-OC20-100k', 'SchNet-IS2RE-OC20-All', 'DimeNet++-IS2RE-OC20-10k', 'DimeNet++-IS2RE-OC20-100k', 'DimeNet++-IS2RE-OC20-All', 'PaiNN-IS2RE-OC20-All', 'GemNet-dT-S2EFS-OC22', 'GemNet-OC-S2EFS-OC22', 'GemNet-OC-S2EFS-OC20+OC22', 'GemNet-OC-S2EFS-nsn-OC20+OC22', 'GemNet-OC-S2EFS-OC20->OC22', 'EquiformerV2-lE4-lF100-S2EFS-OC22', 'SchNet-S2EF-ODAC', 'DimeNet++-S2EF-ODAC', 'PaiNN-S2EF-ODAC', 'GemNet-OC-S2EF-ODAC', 'eSCN-S2EF-ODAC', 'EquiformerV2-S2EF-ODAC', 'EquiformerV2-Large-S2EF-ODAC', 'Gemnet-OC-IS2RE-ODAC', 'eSCN-IS2RE-ODAC', 'EquiformerV2-IS2RE-ODAC')

